<?xml version="1.0" encoding="UTF-8" ?>
<testsuite tests="5" failures="0" name="com.fullstack.project.dao.jdbc.impl.CountryDaoImplTest" time="0.277" errors="0" skipped="0">
  <properties>
[...]
</properties>
  <testcase classname="com.fullstack.project.dao.jdbc.impl.CountryDaoImplTest" name="delete" time="0.202"/>
  <testcase classname="com.fullstack.project.dao.jdbc.impl.CountryDaoImplTest" name="insert" time="0.008"/>
  <testcase classname="com.fullstack.project.dao.jdbc.impl.CountryDaoImplTest" name="findAll" time="0.01"/>
  <testcase classname="com.fullstack.project.dao.jdbc.impl.CountryDaoImplTest" name="update" time="0.046"/>
  <testcase classname="com.fullstack.project.dao.jdbc.impl.CountryDaoImplTest" name="findById" time="0.011"/>
</testsuite>